#
# There is insufficient memory for the Java Runtime Environment to continue.
# Native memory allocation (mmap) failed to map 132120576 bytes. Error detail: G1 virtual space
# Possible reasons:
#   The system is out of physical RAM or swap space
#   This process is running with CompressedOops enabled, and the Java Heap may be blocking the growth of the native heap
# Possible solutions:
#   Reduce memory load on the system
#   Increase physical memory or swap space
#   Check if swap backing store is full
#   Decrease Java heap size (-Xmx/-Xms)
#   Decrease number of Java threads
#   Decrease Java thread stack sizes (-Xss)
#   Set larger code cache with -XX:ReservedCodeCacheSize=
#   JVM is running with Unscaled Compressed Oops mode in which the Java heap is
#     placed in the first 4GB address space. The Java Heap base address is the
#     maximum limit for the native heap growth. Please use -XX:HeapBaseMinAddress
#     to set the Java Heap base and to place the Java Heap above 4GB virtual address.
# This output file may be truncated or incomplete.
#
#  Out of Memory Error (os_windows.cpp:3686), pid=22832, tid=7268
#
# JRE version:  (21.0.6+7) (build )
# Java VM: OpenJDK 64-Bit Server VM (21.0.6+7-LTS, mixed mode, sharing, tiered, compressed oops, compressed class ptrs, g1 gc, windows-amd64)
# No core dump will be written. Minidumps are not enabled by default on client versions of Windows
#

---------------  S U M M A R Y ------------

Command Line: -Dfile.encoding=UTF-8 -Dstdout.encoding=UTF-8 -Dstderr.encoding=UTF-8 -XX:+ShowCodeDetailsInExceptionMessages finalgrighex.Q4

Host: Intel(R) Core(TM) i3 CPU       M 330  @ 2.13GHz, 4 cores, 7G,  Windows 10 , 64 bit Build 19041 (10.0.19041.3636)
Time: Sun Aug 10 12:47:02 2025  Windows 10 , 64 bit Build 19041 (10.0.19041.3636) elapsed time: 0.059785 seconds (0d 0h 0m 0s)

---------------  T H R E A D  ---------------

Current thread (0x00000292d164c860):  JavaThread "Unknown thread" [_thread_in_vm, id=7268, stack(0x000000faa5900000,0x000000faa5a00000) (1024K)]

Stack: [0x000000faa5900000,0x000000faa5a00000]
Native frames: (J=compiled Java code, j=interpreted, Vv=VM code, C=native code)
V  [jvm.dll+0x6cdee9]
V  [jvm.dll+0x8a83d1]
V  [jvm.dll+0x8aa8fe]
V  [jvm.dll+0x8aafe3]
V  [jvm.dll+0x27f706]
V  [jvm.dll+0x6ca755]
V  [jvm.dll+0x6bea3a]
V  [jvm.dll+0x355d6a]
V  [jvm.dll+0x35d936]
V  [jvm.dll+0x3af58e]
V  [jvm.dll+0x3af838]
V  [jvm.dll+0x329efc]
V  [jvm.dll+0x32aa5b]
V  [jvm.dll+0x871639]
V  [jvm.dll+0x3bc361]
V  [jvm.dll+0x85a763]
V  [jvm.dll+0x45066e]
V  [jvm.dll+0x4522b1]
C  [jli.dll+0x5278]
C  [ucrtbase.dll+0x21bb2]
C  [KERNEL32.DLL+0x17344]
C  [ntdll.dll+0x526b1]


---------------  P R O C E S S  ---------------

Threads class SMR info:
_java_thread_list=0x00007fff7a13a0c8, length=0, elements={
}

Java Threads: ( => current thread )
Total: 0

Other Threads:
  0x00000292d39b22b0 WorkerThread "GC Thread#0"                     [id=19276, stack(0x000000faa5a00000,0x000000faa5b00000) (1024K)]
  0x00000292d39c3b70 ConcurrentGCThread "G1 Main Marker"            [id=24292, stack(0x000000faa5b00000,0x000000faa5c00000) (1024K)]
  0x00000292d39c4ed0 WorkerThread "G1 Conc#0"                       [id=23080, stack(0x000000faa5c00000,0x000000faa5d00000) (1024K)]

[error occurred during error reporting (printing all threads), id 0xc0000005, EXCEPTION_ACCESS_VIOLATION (0xc0000005) at pc=0x00007fff7983c827]
VM state: not at safepoint (not fully initialized)

VM Mutex/Monitor currently owned by a thread:  ([mutex/lock_event])
[0x00007fff7a1ae480] Heap_lock - owner thread: 0x00000292d164c860

Heap address: 0x0000000083200000, size: 1998 MB, Compressed Oops mode: 32-bit

CDS archive(s) mapped at: [0x0000000000000000-0x0000000000000000-0x0000000000000000), size 0, SharedBaseAddress: 0x0000000800000000, ArchiveRelocationMode: 1.
Narrow klass base: 0x0000000000000000, Narrow klass shift: 0, Narrow klass range: 0x0

GC Precious Log:
 CardTable entry size: 512
 Card Set container configuration: InlinePtr #cards 5 size 8 Array Of Cards #cards 12 size 40 Howl #buckets 4 coarsen threshold 1843 Howl Bitmap #cards 512 size 80 coarsen threshold 460 Card regions per heap region 1 cards per card region 2048

Heap:
 garbage-first heap   total 0K, used 0K [0x0000000083200000, 0x0000000100000000)
  region size 1024K, 0 young (0K), 0 survivors (0K)

[error occurred during error reporting (printing heap information), id 0xc0000005, EXCEPTION_ACCESS_VIOLATION (0xc0000005) at pc=0x00007fff79c279b9]
GC Heap History (0 events):
No events

Dll operation events (1 events):
Event: 0.032 Loaded shared library C:\all the transoport files\all the files download\eclipse-java-2025-03-R-win32-x86_64\eclipse\plugins\org.eclipse.justj.openjdk.hotspot.jre.full.win32.x86_64_21.0.6.v20250130-0529\jre\bin\java.dll

Deoptimization events (0 events):
No events

Classes loaded (0 events):
No events

Classes unloaded (0 events):
No events

Classes redefined (0 events):
No events

Internal exceptions (0 events):
No events

ZGC Phase Switch (0 events):
No events

VM Operations (0 events):
No events

Memory protections (0 events):
No events

Nmethod flushes (0 events):
No events

Events (0 events):
No events


Dynamic libraries:
0x00007ff73de80000 - 0x00007ff73de8e000 	C:\all the transoport files\all the files download\eclipse-java-2025-03-R-win32-x86_64\eclipse\plugins\org.eclipse.justj.openjdk.hotspot.jre.full.win32.x86_64_21.0.6.v20250130-0529\jre\bin\javaw.exe
0x00007fffbb650000 - 0x00007fffbb848000 	C:\Windows\SYSTEM32\ntdll.dll
0x00007fffb9690000 - 0x00007fffb974d000 	C:\Windows\System32\KERNEL32.DLL
0x00007fffb8ec0000 - 0x00007fffb91b6000 	C:\Windows\System32\KERNELBASE.dll
0x00007fffb9500000 - 0x00007fffb9600000 	C:\Windows\System32\ucrtbase.dll
0x00007fffb2540000 - 0x00007fffb2558000 	C:\all the transoport files\all the files download\eclipse-java-2025-03-R-win32-x86_64\eclipse\plugins\org.eclipse.justj.openjdk.hotspot.jre.full.win32.x86_64_21.0.6.v20250130-0529\jre\bin\jli.dll
0x00007fffb1ec0000 - 0x00007fffb1ede000 	C:\all the transoport files\all the files download\eclipse-java-2025-03-R-win32-x86_64\eclipse\plugins\org.eclipse.justj.openjdk.hotspot.jre.full.win32.x86_64_21.0.6.v20250130-0529\jre\bin\VCRUNTIME140.dll
0x00007fffbaad0000 - 0x00007fffbac6e000 	C:\Windows\System32\USER32.dll
0x00007fffab710000 - 0x00007fffab9aa000 	C:\Windows\WinSxS\amd64_microsoft.windows.common-controls_6595b64144ccf1df_6.0.19041.3636_none_60b6a03d71f818d5\COMCTL32.dll
0x00007fffb9d80000 - 0x00007fffb9e1e000 	C:\Windows\System32\msvcrt.dll
0x00007fffbaa00000 - 0x00007fffbaa2b000 	C:\Windows\System32\GDI32.dll
0x00007fffb9300000 - 0x00007fffb9417000 	C:\Windows\System32\gdi32full.dll
0x00007fffb9260000 - 0x00007fffb9282000 	C:\Windows\System32\win32u.dll
0x00007fffb91c0000 - 0x00007fffb925d000 	C:\Windows\System32\msvcp_win.dll
0x00007fffb9e30000 - 0x00007fffb9e62000 	C:\Windows\System32\IMM32.DLL
0x00007fffb64f0000 - 0x00007fffb64fc000 	C:\all the transoport files\all the files download\eclipse-java-2025-03-R-win32-x86_64\eclipse\plugins\org.eclipse.justj.openjdk.hotspot.jre.full.win32.x86_64_21.0.6.v20250130-0529\jre\bin\vcruntime140_1.dll
0x00007fffa2220000 - 0x00007fffa22ad000 	C:\all the transoport files\all the files download\eclipse-java-2025-03-R-win32-x86_64\eclipse\plugins\org.eclipse.justj.openjdk.hotspot.jre.full.win32.x86_64_21.0.6.v20250130-0529\jre\bin\msvcp140.dll
0x00007fff79500000 - 0x00007fff7a290000 	C:\all the transoport files\all the files download\eclipse-java-2025-03-R-win32-x86_64\eclipse\plugins\org.eclipse.justj.openjdk.hotspot.jre.full.win32.x86_64_21.0.6.v20250130-0529\jre\bin\server\jvm.dll
0x00007fffba0b0000 - 0x00007fffba163000 	C:\Windows\System32\ADVAPI32.dll
0x00007fffbaa30000 - 0x00007fffbaacf000 	C:\Windows\System32\sechost.dll
0x00007fffba1d0000 - 0x00007fffba2f6000 	C:\Windows\System32\RPCRT4.dll
0x00007fffb9420000 - 0x00007fffb9447000 	C:\Windows\System32\bcrypt.dll
0x00007fffb9e90000 - 0x00007fffb9efb000 	C:\Windows\System32\WS2_32.dll
0x00007fffb8ac0000 - 0x00007fffb8b0b000 	C:\Windows\SYSTEM32\POWRPROF.dll
0x00007fffb3eb0000 - 0x00007fffb3ed7000 	C:\Windows\SYSTEM32\WINMM.dll
0x00007ffface20000 - 0x00007ffface2a000 	C:\Windows\SYSTEM32\VERSION.dll
0x00007fffb8aa0000 - 0x00007fffb8ab2000 	C:\Windows\SYSTEM32\UMPDC.dll
0x00007fffb6ae0000 - 0x00007fffb6af2000 	C:\Windows\SYSTEM32\kernel.appcore.dll
0x00007fffb1e00000 - 0x00007fffb1e0a000 	C:\all the transoport files\all the files download\eclipse-java-2025-03-R-win32-x86_64\eclipse\plugins\org.eclipse.justj.openjdk.hotspot.jre.full.win32.x86_64_21.0.6.v20250130-0529\jre\bin\jimage.dll
0x00007fffabbd0000 - 0x00007fffabdb4000 	C:\Windows\SYSTEM32\DBGHELP.DLL
0x00007fffa7da0000 - 0x00007fffa7dd4000 	C:\Windows\SYSTEM32\dbgcore.DLL
0x00007fffb9600000 - 0x00007fffb9682000 	C:\Windows\System32\bcryptPrimitives.dll
0x00007fffa9e50000 - 0x00007fffa9e6f000 	C:\all the transoport files\all the files download\eclipse-java-2025-03-R-win32-x86_64\eclipse\plugins\org.eclipse.justj.openjdk.hotspot.jre.full.win32.x86_64_21.0.6.v20250130-0529\jre\bin\java.dll

dbghelp: loaded successfully - version: 4.0.5 - missing functions: none
symbol engine: initialized successfully - sym options: 0x614 - pdb path: .;C:\all the transoport files\all the files download\eclipse-java-2025-03-R-win32-x86_64\eclipse\plugins\org.eclipse.justj.openjdk.hotspot.jre.full.win32.x86_64_21.0.6.v20250130-0529\jre\bin;C:\Windows\SYSTEM32;C:\Windows\WinSxS\amd64_microsoft.windows.common-controls_6595b64144ccf1df_6.0.19041.3636_none_60b6a03d71f818d5;C:\all the transoport files\all the files download\eclipse-java-2025-03-R-win32-x86_64\eclipse\plugins\org.eclipse.justj.openjdk.hotspot.jre.full.win32.x86_64_21.0.6.v20250130-0529\jre\bin\server

VM Arguments:
jvm_args: -Dfile.encoding=UTF-8 -Dstdout.encoding=UTF-8 -Dstderr.encoding=UTF-8 -XX:+ShowCodeDetailsInExceptionMessages 
java_command: finalgrighex.Q4
java_class_path (initial): C:\Users\alkhatib\eclipse-workspace\finalgrighex\bin
Launcher Type: SUN_STANDARD

[Global flags]
     intx CICompilerCount                          = 3                                         {product} {ergonomic}
     uint ConcGCThreads                            = 1                                         {product} {ergonomic}
     uint G1ConcRefinementThreads                  = 4                                         {product} {ergonomic}
   size_t G1HeapRegionSize                         = 1048576                                   {product} {ergonomic}
    uintx GCDrainStackTargetSize                   = 64                                        {product} {ergonomic}
   size_t InitialHeapSize                          = 132120576                                 {product} {ergonomic}
   size_t MarkStackSize                            = 4194304                                   {product} {ergonomic}
   size_t MaxHeapSize                              = 2095054848                                {product} {ergonomic}
   size_t MinHeapDeltaBytes                        = 1048576                                   {product} {ergonomic}
   size_t MinHeapSize                              = 8388608                                   {product} {ergonomic}
    uintx NonNMethodCodeHeapSize                   = 5832780                                {pd product} {ergonomic}
    uintx NonProfiledCodeHeapSize                  = 122912730                              {pd product} {ergonomic}
    uintx ProfiledCodeHeapSize                     = 122912730                              {pd product} {ergonomic}
    uintx ReservedCodeCacheSize                    = 251658240                              {pd product} {ergonomic}
     bool SegmentedCodeCache                       = true                                      {product} {ergonomic}
     bool ShowCodeDetailsInExceptionMessages       = true                                   {manageable} {command line}
   size_t SoftMaxHeapSize                          = 2095054848                             {manageable} {ergonomic}
     bool UseCompressedOops                        = true                           {product lp64_product} {ergonomic}
     bool UseG1GC                                  = true                                      {product} {ergonomic}
     bool UseLargePagesIndividualAllocation        = false                                  {pd product} {ergonomic}

Logging:
Log output configuration:
 #0: stdout all=warning uptime,level,tags foldmultilines=false
 #1: stderr all=off uptime,level,tags foldmultilines=false

Environment Variables:
PATH=C:/all the transoport files/all the files download/eclipse-java-2025-03-R-win32-x86_64/eclipse//plugins/org.eclipse.justj.openjdk.hotspot.jre.full.win32.x86_64_21.0.6.v20250130-0529/jre/bin/server;C:/all the transoport files/all the files download/eclipse-java-2025-03-R-win32-x86_64/eclipse//plugins/org.eclipse.justj.openjdk.hotspot.jre.full.win32.x86_64_21.0.6.v20250130-0529/jre/bin;C:\Program Files\Common Files\Oracle\Java\javapath;C:\Windows\system32;C:\Windows;C:\Windows\System32\Wbem;C:\Windows\System32\WindowsPowerShell\v1.0\;C:\Windows\System32\OpenSSH\;C:\Program Files\Microsoft VS Code\bin;C:\Users\alkhatib\AppData\Local\Microsoft\WindowsApps;;C:\all the transoport files\all the files download\eclipse-java-2025-03-R-win32-x86_64\eclipse;
USERNAME=alkhatib
OS=Windows_NT
PROCESSOR_IDENTIFIER=Intel64 Family 6 Model 37 Stepping 2, GenuineIntel
TMP=C:\Users\alkhatib\AppData\Local\Temp
TEMP=C:\Users\alkhatib\AppData\Local\Temp




Periodic native trim disabled

---------------  S Y S T E M  ---------------

OS:
 Windows 10 , 64 bit Build 19041 (10.0.19041.3636)
OS uptime: 5 days 1:22 hours

CPU: total 4 (initial active 4) (2 cores per cpu, 2 threads per core) family 6 model 37 stepping 2 microcode 0x11, cx8, cmov, fxsr, ht, mmx, sse, sse2, sse3, ssse3, sse4.1, sse4.2, popcnt, tsc, tscinvbit, clflush, rdtscp
Processor Information for the first 4 processors :
  Max Mhz: 2133, Current Mhz: 2133, Mhz Limit: 2133

Memory: 4k page, system-wide physical 7990M (1231M free)
TotalPageFile size 32566M (AvailPageFile size 25M)
current process WorkingSet (physical memory assigned to process): 10M, peak: 10M
current process commit charge ("private bytes"): 51M, peak: 177M

vm_info: OpenJDK 64-Bit Server VM (21.0.6+7-LTS) for windows-amd64 JRE (21.0.6+7-LTS), built on 2025-01-21T00:00:00Z by "admin" with MS VC++ 17.7 (VS2022)

END.
