#
# There is insufficient memory for the Java Runtime Environment to continue.
# Native memory allocation (mmap) failed to map 132120576 bytes. Error detail: G1 virtual space
# Possible reasons:
#   The system is out of physical RAM or swap space
#   This process is running with CompressedOops enabled, and the Java Heap may be blocking the growth of the native heap
# Possible solutions:
#   Reduce memory load on the system
#   Increase physical memory or swap space
#   Check if swap backing store is full
#   Decrease Java heap size (-Xmx/-Xms)
#   Decrease number of Java threads
#   Decrease Java thread stack sizes (-Xss)
#   Set larger code cache with -XX:ReservedCodeCacheSize=
#   JVM is running with Unscaled Compressed Oops mode in which the Java heap is
#     placed in the first 4GB address space. The Java Heap base address is the
#     maximum limit for the native heap growth. Please use -XX:HeapBaseMinAddress
#     to set the Java Heap base and to place the Java Heap above 4GB virtual address.
# This output file may be truncated or incomplete.
#
#  Out of Memory Error (os_windows.cpp:3686), pid=24516, tid=22540
#
# JRE version:  (21.0.6+7) (build )
# Java VM: OpenJDK 64-Bit Server VM (21.0.6+7-LTS, mixed mode, sharing, tiered, compressed oops, compressed class ptrs, g1 gc, windows-amd64)
# No core dump will be written. Minidumps are not enabled by default on client versions of Windows
#

---------------  S U M M A R Y ------------

Command Line: -Dfile.encoding=UTF-8 -Dstdout.encoding=UTF-8 -Dstderr.encoding=UTF-8 -XX:+ShowCodeDetailsInExceptionMessages midterm.Shape3

Host: Intel(R) Core(TM) i3 CPU       M 330  @ 2.13GHz, 4 cores, 7G,  Windows 10 , 64 bit Build 19041 (10.0.19041.3636)
Time: Sat Jul  5 14:57:13 2025  Windows 10 , 64 bit Build 19041 (10.0.19041.3636) elapsed time: 0.044117 seconds (0d 0h 0m 0s)

---------------  T H R E A D  ---------------

Current thread (0x000001f729a2d5e0):  JavaThread "Unknown thread" [_thread_in_vm, id=22540, stack(0x000000255c400000,0x000000255c500000) (1024K)]

Stack: [0x000000255c400000,0x000000255c500000]
Native frames: (J=compiled Java code, j=interpreted, Vv=VM code, C=native code)
V  [jvm.dll+0x6cdee9]
V  [jvm.dll+0x8a83d1]
V  [jvm.dll+0x8aa8fe]
V  [jvm.dll+0x8aafe3]
V  [jvm.dll+0x27f706]
V  [jvm.dll+0x6ca755]
V  [jvm.dll+0x6bea3a]
V  [jvm.dll+0x355d6a]
V  [jvm.dll+0x35d936]
V  [jvm.dll+0x3af58e]
V  [jvm.dll+0x3af838]
V  [jvm.dll+0x329efc]
V  [jvm.dll+0x32aa5b]
V  [jvm.dll+0x871639]
V  [jvm.dll+0x3bc361]
V  [jvm.dll+0x85a763]
V  [jvm.dll+0x45066e]
V  [jvm.dll+0x4522b1]
C  [jli.dll+0x5278]
C  [ucrtbase.dll+0x21bb2]
C  [KERNEL32.DLL+0x17344]
C  [ntdll.dll+0x526b1]


---------------  P R O C E S S  ---------------

Threads class SMR info:
_java_thread_list=0x00007fff8b50a0c8, length=0, elements={
}

Java Threads: ( => current thread )
Total: 0

Other Threads:
  0x000001f729a82630 WorkerThread "GC Thread#0"                     [id=23644, stack(0x000000255c500000,0x000000255c600000) (1024K)]
  0x000001f729a93920 ConcurrentGCThread "G1 Main Marker"            [id=22052, stack(0x000000255c600000,0x000000255c700000) (1024K)]
  0x000001f729a94420 WorkerThread "G1 Conc#0"                       [id=23856, stack(0x000000255c700000,0x000000255c800000) (1024K)]

[error occurred during error reporting (printing all threads), id 0xc0000005, EXCEPTION_ACCESS_VIOLATION (0xc0000005) at pc=0x00007fff8ac0c827]
VM state: not at safepoint (not fully initialized)

VM Mutex/Monitor currently owned by a thread:  ([mutex/lock_event])
[0x00007fff8b57e480] Heap_lock - owner thread: 0x000001f729a2d5e0

Heap address: 0x0000000083200000, size: 1998 MB, Compressed Oops mode: 32-bit

CDS archive(s) mapped at: [0x0000000000000000-0x0000000000000000-0x0000000000000000), size 0, SharedBaseAddress: 0x0000000800000000, ArchiveRelocationMode: 1.
Narrow klass base: 0x0000000000000000, Narrow klass shift: 0, Narrow klass range: 0x0

GC Precious Log:
 CardTable entry size: 512
 Card Set container configuration: InlinePtr #cards 5 size 8 Array Of Cards #cards 12 size 40 Howl #buckets 4 coarsen threshold 1843 Howl Bitmap #cards 512 size 80 coarsen threshold 460 Card regions per heap region 1 cards per card region 2048

Heap:
 garbage-first heap   total 0K, used 0K [0x0000000083200000, 0x0000000100000000)
  region size 1024K, 0 young (0K), 0 survivors (0K)

[error occurred during error reporting (printing heap information), id 0xc0000005, EXCEPTION_ACCESS_VIOLATION (0xc0000005) at pc=0x00007fff8aff79b9]
GC Heap History (0 events):
No events

Dll operation events (1 events):
Event: 0.029 Loaded shared library C:\all the transoport files\all the files download\eclipse-java-2025-03-R-win32-x86_64\eclipse\plugins\org.eclipse.justj.openjdk.hotspot.jre.full.win32.x86_64_21.0.6.v20250130-0529\jre\bin\java.dll

Deoptimization events (0 events):
No events

Classes loaded (0 events):
No events

Classes unloaded (0 events):
No events

Classes redefined (0 events):
No events

Internal exceptions (0 events):
No events

ZGC Phase Switch (0 events):
No events

VM Operations (0 events):
No events

Memory protections (0 events):
No events

Nmethod flushes (0 events):
No events

Events (0 events):
No events


Dynamic libraries:
0x00007ff629340000 - 0x00007ff62934e000 	C:\all the transoport files\all the files download\eclipse-java-2025-03-R-win32-x86_64\eclipse\plugins\org.eclipse.justj.openjdk.hotspot.jre.full.win32.x86_64_21.0.6.v20250130-0529\jre\bin\javaw.exe
0x00007fffd1810000 - 0x00007fffd1a08000 	C:\Windows\SYSTEM32\ntdll.dll
0x00007fffd1710000 - 0x00007fffd17cd000 	C:\Windows\System32\KERNEL32.DLL
0x00007fffcef40000 - 0x00007fffcf236000 	C:\Windows\System32\KERNELBASE.dll
0x00007fffcf4a0000 - 0x00007fffcf5a0000 	C:\Windows\System32\ucrtbase.dll
0x00007fffbf440000 - 0x00007fffbf45e000 	C:\all the transoport files\all the files download\eclipse-java-2025-03-R-win32-x86_64\eclipse\plugins\org.eclipse.justj.openjdk.hotspot.jre.full.win32.x86_64_21.0.6.v20250130-0529\jre\bin\VCRUNTIME140.dll
0x00007fffc90c0000 - 0x00007fffc90d8000 	C:\all the transoport files\all the files download\eclipse-java-2025-03-R-win32-x86_64\eclipse\plugins\org.eclipse.justj.openjdk.hotspot.jre.full.win32.x86_64_21.0.6.v20250130-0529\jre\bin\jli.dll
0x00007fffd10e0000 - 0x00007fffd127e000 	C:\Windows\System32\USER32.dll
0x00007fffc12f0000 - 0x00007fffc158a000 	C:\Windows\WinSxS\amd64_microsoft.windows.common-controls_6595b64144ccf1df_6.0.19041.3636_none_60b6a03d71f818d5\COMCTL32.dll
0x00007fffcf440000 - 0x00007fffcf462000 	C:\Windows\System32\win32u.dll
0x00007fffd1430000 - 0x00007fffd14ce000 	C:\Windows\System32\msvcrt.dll
0x00007fffd0ee0000 - 0x00007fffd0f0b000 	C:\Windows\System32\GDI32.dll
0x00007fffcf320000 - 0x00007fffcf437000 	C:\Windows\System32\gdi32full.dll
0x00007fffcf7b0000 - 0x00007fffcf84d000 	C:\Windows\System32\msvcp_win.dll
0x00007fffd16d0000 - 0x00007fffd1702000 	C:\Windows\System32\IMM32.DLL
0x00007fffca9b0000 - 0x00007fffca9bc000 	C:\all the transoport files\all the files download\eclipse-java-2025-03-R-win32-x86_64\eclipse\plugins\org.eclipse.justj.openjdk.hotspot.jre.full.win32.x86_64_21.0.6.v20250130-0529\jre\bin\vcruntime140_1.dll
0x00007fffa5420000 - 0x00007fffa54ad000 	C:\all the transoport files\all the files download\eclipse-java-2025-03-R-win32-x86_64\eclipse\plugins\org.eclipse.justj.openjdk.hotspot.jre.full.win32.x86_64_21.0.6.v20250130-0529\jre\bin\msvcp140.dll
0x00007fff8a8d0000 - 0x00007fff8b660000 	C:\all the transoport files\all the files download\eclipse-java-2025-03-R-win32-x86_64\eclipse\plugins\org.eclipse.justj.openjdk.hotspot.jre.full.win32.x86_64_21.0.6.v20250130-0529\jre\bin\server\jvm.dll
0x00007fffcf930000 - 0x00007fffcf9e3000 	C:\Windows\System32\ADVAPI32.dll
0x00007fffcfe70000 - 0x00007fffcff0f000 	C:\Windows\System32\sechost.dll
0x00007fffd0d80000 - 0x00007fffd0ea6000 	C:\Windows\System32\RPCRT4.dll
0x00007fffcf470000 - 0x00007fffcf497000 	C:\Windows\System32\bcrypt.dll
0x00007fffd1600000 - 0x00007fffd166b000 	C:\Windows\System32\WS2_32.dll
0x00007fffce580000 - 0x00007fffce5cb000 	C:\Windows\SYSTEM32\POWRPROF.dll
0x00007fffc15b0000 - 0x00007fffc15d7000 	C:\Windows\SYSTEM32\WINMM.dll
0x00007fffc15a0000 - 0x00007fffc15aa000 	C:\Windows\SYSTEM32\VERSION.dll
0x00007fffce540000 - 0x00007fffce552000 	C:\Windows\SYSTEM32\UMPDC.dll
0x00007fffccd80000 - 0x00007fffccd92000 	C:\Windows\SYSTEM32\kernel.appcore.dll
0x00007fffc9700000 - 0x00007fffc970a000 	C:\all the transoport files\all the files download\eclipse-java-2025-03-R-win32-x86_64\eclipse\plugins\org.eclipse.justj.openjdk.hotspot.jre.full.win32.x86_64_21.0.6.v20250130-0529\jre\bin\jimage.dll
0x00007fffc1b00000 - 0x00007fffc1ce4000 	C:\Windows\SYSTEM32\DBGHELP.DLL
0x00007fffc04f0000 - 0x00007fffc0524000 	C:\Windows\SYSTEM32\dbgcore.DLL
0x00007fffcf240000 - 0x00007fffcf2c2000 	C:\Windows\System32\bcryptPrimitives.dll
0x00007fffb0630000 - 0x00007fffb064f000 	C:\all the transoport files\all the files download\eclipse-java-2025-03-R-win32-x86_64\eclipse\plugins\org.eclipse.justj.openjdk.hotspot.jre.full.win32.x86_64_21.0.6.v20250130-0529\jre\bin\java.dll

dbghelp: loaded successfully - version: 4.0.5 - missing functions: none
symbol engine: initialized successfully - sym options: 0x614 - pdb path: .;C:\all the transoport files\all the files download\eclipse-java-2025-03-R-win32-x86_64\eclipse\plugins\org.eclipse.justj.openjdk.hotspot.jre.full.win32.x86_64_21.0.6.v20250130-0529\jre\bin;C:\Windows\SYSTEM32;C:\Windows\WinSxS\amd64_microsoft.windows.common-controls_6595b64144ccf1df_6.0.19041.3636_none_60b6a03d71f818d5;C:\all the transoport files\all the files download\eclipse-java-2025-03-R-win32-x86_64\eclipse\plugins\org.eclipse.justj.openjdk.hotspot.jre.full.win32.x86_64_21.0.6.v20250130-0529\jre\bin\server

VM Arguments:
jvm_args: -Dfile.encoding=UTF-8 -Dstdout.encoding=UTF-8 -Dstderr.encoding=UTF-8 -XX:+ShowCodeDetailsInExceptionMessages 
java_command: midterm.Shape3
java_class_path (initial): C:\Users\alkhatib\eclipse-workspace\midterm\bin
Launcher Type: SUN_STANDARD

[Global flags]
     intx CICompilerCount                          = 3                                         {product} {ergonomic}
     uint ConcGCThreads                            = 1                                         {product} {ergonomic}
     uint G1ConcRefinementThreads                  = 4                                         {product} {ergonomic}
   size_t G1HeapRegionSize                         = 1048576                                   {product} {ergonomic}
    uintx GCDrainStackTargetSize                   = 64                                        {product} {ergonomic}
   size_t InitialHeapSize                          = 132120576                                 {product} {ergonomic}
   size_t MarkStackSize                            = 4194304                                   {product} {ergonomic}
   size_t MaxHeapSize                              = 2095054848                                {product} {ergonomic}
   size_t MinHeapDeltaBytes                        = 1048576                                   {product} {ergonomic}
   size_t MinHeapSize                              = 8388608                                   {product} {ergonomic}
    uintx NonNMethodCodeHeapSize                   = 5832780                                {pd product} {ergonomic}
    uintx NonProfiledCodeHeapSize                  = 122912730                              {pd product} {ergonomic}
    uintx ProfiledCodeHeapSize                     = 122912730                              {pd product} {ergonomic}
    uintx ReservedCodeCacheSize                    = 251658240                              {pd product} {ergonomic}
     bool SegmentedCodeCache                       = true                                      {product} {ergonomic}
     bool ShowCodeDetailsInExceptionMessages       = true                                   {manageable} {command line}
   size_t SoftMaxHeapSize                          = 2095054848                             {manageable} {ergonomic}
     bool UseCompressedOops                        = true                           {product lp64_product} {ergonomic}
     bool UseG1GC                                  = true                                      {product} {ergonomic}
     bool UseLargePagesIndividualAllocation        = false                                  {pd product} {ergonomic}

Logging:
Log output configuration:
 #0: stdout all=warning uptime,level,tags foldmultilines=false
 #1: stderr all=off uptime,level,tags foldmultilines=false

Environment Variables:
PATH=C:/all the transoport files/all the files download/eclipse-java-2025-03-R-win32-x86_64/eclipse//plugins/org.eclipse.justj.openjdk.hotspot.jre.full.win32.x86_64_21.0.6.v20250130-0529/jre/bin/server;C:/all the transoport files/all the files download/eclipse-java-2025-03-R-win32-x86_64/eclipse//plugins/org.eclipse.justj.openjdk.hotspot.jre.full.win32.x86_64_21.0.6.v20250130-0529/jre/bin;C:\Program Files\Common Files\Oracle\Java\javapath;C:\Windows\system32;C:\Windows;C:\Windows\System32\Wbem;C:\Windows\System32\WindowsPowerShell\v1.0\;C:\Windows\System32\OpenSSH\;C:\Program Files\Microsoft VS Code\bin;C:\Users\alkhatib\AppData\Local\Microsoft\WindowsApps;;C:\all the transoport files\all the files download\eclipse-java-2025-03-R-win32-x86_64\eclipse;
USERNAME=alkhatib
OS=Windows_NT
PROCESSOR_IDENTIFIER=Intel64 Family 6 Model 37 Stepping 2, GenuineIntel
TMP=C:\Users\alkhatib\AppData\Local\Temp
TEMP=C:\Users\alkhatib\AppData\Local\Temp




Periodic native trim disabled

---------------  S Y S T E M  ---------------

OS:
 Windows 10 , 64 bit Build 19041 (10.0.19041.3636)
OS uptime: 0 days 22:52 hours

CPU: total 4 (initial active 4) (2 cores per cpu, 2 threads per core) family 6 model 37 stepping 2 microcode 0x11, cx8, cmov, fxsr, ht, mmx, sse, sse2, sse3, ssse3, sse4.1, sse4.2, popcnt, tsc, tscinvbit, clflush, rdtscp
Processor Information for the first 4 processors :
  Max Mhz: 2133, Current Mhz: 2133, Mhz Limit: 2133

Memory: 4k page, system-wide physical 7990M (1785M free)
TotalPageFile size 32556M (AvailPageFile size 34M)
current process WorkingSet (physical memory assigned to process): 10M, peak: 10M
current process commit charge ("private bytes"): 51M, peak: 177M

vm_info: OpenJDK 64-Bit Server VM (21.0.6+7-LTS) for windows-amd64 JRE (21.0.6+7-LTS), built on 2025-01-21T00:00:00Z by "admin" with MS VC++ 17.7 (VS2022)

END.
